Copyright 1986-2022 Xilinx, Inc. All Rights Reserved. Copyright 2022-2024 Advanced Micro Devices, Inc. All Rights Reserved.
--------------------------------------------------------------------------------------------------------------------------------------------------------------------------------------
| Tool Version : Vivado v.2024.1 (lin64) Build 5076996 Wed May 22 18:36:09 MDT 2024
| Date         : Sun Jun  8 20:13:46 2025
| Host         : joseph-pc running 64-bit Ubuntu 24.04.2 LTS
| Command      : report_methodology -file blink_bd_wrapper_methodology_drc_routed.rpt -pb blink_bd_wrapper_methodology_drc_routed.pb -rpx blink_bd_wrapper_methodology_drc_routed.rpx
| Design       : blink_bd_wrapper
| Device       : xczu1cg-sbva484-1-e
| Speed File   : -1
| Design State : Fully Routed
--------------------------------------------------------------------------------------------------------------------------------------------------------------------------------------

Report Methodology

Table of Contents
-----------------
1. REPORT SUMMARY
2. REPORT DETAILS

1. REPORT SUMMARY
-----------------
            Netlist: netlist
          Floorplan: design_1
      Design limits: <entire design considered>
             Max violations: <unlimited>
             Violations found: 6
+-----------+----------+-------------------------------+------------+
| Rule      | Severity | Description                   | Violations |
+-----------+----------+-------------------------------+------------+
| TIMING-18 | Warning  | Missing input or output delay | 6          |
+-----------+----------+-------------------------------+------------+

2. REPORT DETAILS
-----------------
TIMING-18#1 Warning
Missing input or output delay  
An output delay is missing on rgb_led0_0[0] relative to the rising and/or falling clock edge(s) of clk_pl_0.
Related violations: <none>

TIMING-18#2 Warning
Missing input or output delay  
An output delay is missing on rgb_led0_0[1] relative to the rising and/or falling clock edge(s) of clk_pl_0.
Related violations: <none>

TIMING-18#3 Warning
Missing input or output delay  
An output delay is missing on rgb_led0_0[2] relative to the rising and/or falling clock edge(s) of clk_pl_0.
Related violations: <none>

TIMING-18#4 Warning
Missing input or output delay  
An output delay is missing on rgb_led1_0[0] relative to the rising and/or falling clock edge(s) of clk_pl_0.
Related violations: <none>

TIMING-18#5 Warning
Missing input or output delay  
An output delay is missing on rgb_led1_0[1] relative to the rising and/or falling clock edge(s) of clk_pl_0.
Related violations: <none>

TIMING-18#6 Warning
Missing input or output delay  
An output delay is missing on rgb_led1_0[2] relative to the rising and/or falling clock edge(s) of clk_pl_0.
Related violations: <none>


